<?xml version="1.0" encoding="UTF-8"?>
<!-- Generated by org.testng.reporters.JUnitReportReporter -->
<testsuite hostname="KurosakiIchigo" failures="0" tests="1" name="testcases.AddCustomerTest" time="0.381" errors="0" timestamp="2021-12-05T16:57:34 WIB" skipped="0">
  <testcase classname="testcases.AddCustomerTest" name="AddCustomer" time="0.381"/>
  <system-out/>
</testsuite> <!-- testcases.AddCustomerTest -->
