<?xml version="1.0" encoding="UTF-8"?>
<!-- Generated by org.testng.reporters.JUnitReportReporter -->
<testsuite hostname="KurosakiIchigo" failures="0" tests="1" name="testcases.BankManagerLoginTest" time="0.208" errors="0" timestamp="2021-12-05T16:57:34 WIB" skipped="0">
  <testcase classname="testcases.BankManagerLoginTest" name="loginAsBankManager" time="0.208"/>
  <system-out>
    <![CDATA[Login was successful]]>
  </system-out>
</testsuite> <!-- testcases.BankManagerLoginTest -->
