<?xml version="1.0" encoding="UTF-8"?>
<!-- Generated by org.testng.reporters.JUnitReportReporter -->
<testsuite hostname="KurosakiIchigo" failures="0" tests="1" name="testcases.LoginTest" time="3.080" errors="0" timestamp="2021-12-01T00:44:59 WIB" skipped="0">
  <testcase classname="testcases.LoginTest" name="loginAsBankManager" time="3.080"/>
  <system-out/>
</testsuite> <!-- testcases.LoginTest -->
