<?xml version="1.0" encoding="UTF-8"?>
<!-- Generated by org.testng.reporters.JUnitReportReporter -->
<testsuite hostname="KurosakiIchigo" failures="0" tests="1" name="testcases.BankManagerLoginTest" time="2.074" errors="0" timestamp="2021-12-04T23:28:50 WIB" skipped="0">
  <testcase classname="testcases.BankManagerLoginTest" name="loginAsBankManager" time="2.074"/>
  <system-out/>
</testsuite> <!-- testcases.BankManagerLoginTest -->
