<?xml version="1.0" encoding="UTF-8"?>
<!-- Generated by org.testng.reporters.JUnitReportReporter -->
<testsuite hostname="KurosakiIchigo" failures="0" tests="1" name="testcases.AddCustomerTest" time="0.418" errors="0" timestamp="2021-12-04T23:28:50 WIB" skipped="0">
  <testcase classname="testcases.AddCustomerTest" name="AddCustomer" time="0.418"/>
  <system-out/>
</testsuite> <!-- testcases.AddCustomerTest -->
